0 info it worked if it ends with ok
1 verbose cli [ 'c:\\Program Files\\nodejs\\node.exe',
1 verbose cli   'c:\\Program Files\\nodejs\\node_modules\\npm\\bin\\npm-cli.js',
1 verbose cli   'publish',
1 verbose cli   '.' ]
2 info using npm@1.1.69
3 info using node@v0.8.16
4 verbose publish [ '.' ]
5 verbose read json c:\xampp\htdocs\github\grunt-dependency-sort\package.json
6 verbose cache add [ '.', null ]
7 silly cache add name=undefined spec="." args=[".",null]
8 verbose parsed url { pathname: '.', path: '.', href: '.' }
9 silly lockFile 3a52ce78- .
10 verbose lock . C:\Users\OLee\AppData\Roaming\npm-cache\3a52ce78-.lock
11 verbose read json package.json
12 verbose tar pack [ 'C:\\Users\\OLee\\AppData\\Local\\Temp\\npm-8148\\1362419741322-0.21029091835953295\\tmp.tgz',
12 verbose tar pack   '.' ]
13 verbose tarball C:\Users\OLee\AppData\Local\Temp\npm-8148\1362419741322-0.21029091835953295\tmp.tgz
14 verbose folder .
15 info prepublish grunt-dependency-sort@0.1.2
16 silly lockFile d3990f91-1322-0-21029091835953295-tmp-tgz C:\Users\OLee\AppData\Local\Temp\npm-8148\1362419741322-0.21029091835953295\tmp.tgz
17 verbose lock C:\Users\OLee\AppData\Local\Temp\npm-8148\1362419741322-0.21029091835953295\tmp.tgz C:\Users\OLee\AppData\Roaming\npm-cache\d3990f91-1322-0-21029091835953295-tmp-tgz.lock
18 silly lockFile d3990f91-1322-0-21029091835953295-tmp-tgz C:\Users\OLee\AppData\Local\Temp\npm-8148\1362419741322-0.21029091835953295\tmp.tgz
19 verbose tar unpack C:\Users\OLee\AppData\Local\Temp\npm-8148\1362419741322-0.21029091835953295\tmp.tgz
20 silly lockFile 43587b81-1322-0-21029091835953295-package C:\Users\OLee\AppData\Local\Temp\npm-8148\1362419741322-0.21029091835953295\package
21 verbose lock C:\Users\OLee\AppData\Local\Temp\npm-8148\1362419741322-0.21029091835953295\package C:\Users\OLee\AppData\Roaming\npm-cache\43587b81-1322-0-21029091835953295-package.lock
22 silly gunzTarPerm modes [ '755', '644' ]
23 silly gunzTarPerm extractEntry package.json
24 silly gunzTarPerm modified mode [ 'package.json', 438, 420 ]
25 silly gunzTarPerm extractEntry README.md
26 silly gunzTarPerm modified mode [ 'README.md', 438, 420 ]
27 silly gunzTarPerm extractEntry tasks/depsort.js
28 silly gunzTarPerm modified mode [ 'tasks/depsort.js', 438, 420 ]
29 verbose read json C:\Users\OLee\AppData\Local\Temp\npm-8148\1362419741322-0.21029091835953295\package\package.json
30 silly lockFile 43587b81-1322-0-21029091835953295-package C:\Users\OLee\AppData\Local\Temp\npm-8148\1362419741322-0.21029091835953295\package
31 verbose from cache C:\Users\OLee\AppData\Local\Temp\npm-8148\1362419741322-0.21029091835953295\package\package.json
32 verbose tar pack [ 'C:\\Users\\OLee\\AppData\\Roaming\\npm-cache\\grunt-dependency-sort\\0.1.2\\package.tgz',
32 verbose tar pack   'C:\\Users\\OLee\\AppData\\Local\\Temp\\npm-8148\\1362419741322-0.21029091835953295\\package' ]
33 verbose tarball C:\Users\OLee\AppData\Roaming\npm-cache\grunt-dependency-sort\0.1.2\package.tgz
34 verbose folder C:\Users\OLee\AppData\Local\Temp\npm-8148\1362419741322-0.21029091835953295\package
35 silly lockFile 1ba088b1-ependency-sort-0-1-2-package-tgz C:\Users\OLee\AppData\Roaming\npm-cache\grunt-dependency-sort\0.1.2\package.tgz
36 verbose lock C:\Users\OLee\AppData\Roaming\npm-cache\grunt-dependency-sort\0.1.2\package.tgz C:\Users\OLee\AppData\Roaming\npm-cache\1ba088b1-ependency-sort-0-1-2-package-tgz.lock
37 silly lockFile 1ba088b1-ependency-sort-0-1-2-package-tgz C:\Users\OLee\AppData\Roaming\npm-cache\grunt-dependency-sort\0.1.2\package.tgz
38 silly lockFile 4aa7816e-nt-dependency-sort-0-1-2-package C:\Users\OLee\AppData\Roaming\npm-cache\grunt-dependency-sort\0.1.2\package
39 verbose lock C:\Users\OLee\AppData\Roaming\npm-cache\grunt-dependency-sort\0.1.2\package C:\Users\OLee\AppData\Roaming\npm-cache\4aa7816e-nt-dependency-sort-0-1-2-package.lock
40 silly lockFile 4aa7816e-nt-dependency-sort-0-1-2-package C:\Users\OLee\AppData\Roaming\npm-cache\grunt-dependency-sort\0.1.2\package
41 verbose tar unpack C:\Users\OLee\AppData\Roaming\npm-cache\grunt-dependency-sort\0.1.2\package.tgz
42 silly lockFile 4aa7816e-nt-dependency-sort-0-1-2-package C:\Users\OLee\AppData\Roaming\npm-cache\grunt-dependency-sort\0.1.2\package
43 verbose lock C:\Users\OLee\AppData\Roaming\npm-cache\grunt-dependency-sort\0.1.2\package C:\Users\OLee\AppData\Roaming\npm-cache\4aa7816e-nt-dependency-sort-0-1-2-package.lock
44 silly gunzTarPerm modes [ '755', '644' ]
45 silly gunzTarPerm extractEntry package.json
46 silly gunzTarPerm modified mode [ 'package.json', 438, 420 ]
47 silly gunzTarPerm extractEntry README.md
48 silly gunzTarPerm modified mode [ 'README.md', 438, 420 ]
49 silly gunzTarPerm extractEntry tasks/depsort.js
50 silly gunzTarPerm modified mode [ 'tasks/depsort.js', 438, 420 ]
51 verbose read json C:\Users\OLee\AppData\Roaming\npm-cache\grunt-dependency-sort\0.1.2\package\package.json
52 silly lockFile 4aa7816e-nt-dependency-sort-0-1-2-package C:\Users\OLee\AppData\Roaming\npm-cache\grunt-dependency-sort\0.1.2\package
53 silly shasum updated bytes 2802
54 info shasum f9cbd6fef7d47118a8064137e907ab089e6641ef
54 info shasum C:\Users\OLee\AppData\Roaming\npm-cache\grunt-dependency-sort\0.1.2\package.tgz
55 verbose from cache C:\Users\OLee\AppData\Roaming\npm-cache\grunt-dependency-sort\0.1.2\package\package.json
56 verbose chmod C:\Users\OLee\AppData\Roaming\npm-cache\grunt-dependency-sort\0.1.2\package.tgz 644
57 silly chown skipping for windows C:\Users\OLee\AppData\Roaming\npm-cache\grunt-dependency-sort\0.1.2\package.tgz
58 silly lockFile 3a52ce78- .
59 silly publish { name: 'grunt-dependency-sort',
59 silly publish   description: 'expand & sort a path by a JSON file',
59 silly publish   author: { name: 'Oliver Liermann', email: 'liermann@strg-agency.de' },
59 silly publish   main: 'tasks/depsort.js',
59 silly publish   version: '0.1.2',
59 silly publish   dependencies: { grunt: '~0.4.0', toposort: '~0.2.8', underscore: '~1.4.4' },
59 silly publish   readmeFilename: 'README.md',
59 silly publish   readme: '                      _                           _                            ____             _\n                   __| | ___ _ __   ___ _ __   __| | ___ _ __   ___ _   _     / ___|  ___  _ __| |_\n                  / _` |/ _ \\ \'_ \\ / _ \\ \'_ \\ / _` |/ _ \\ \'_ \\ / __| | | |____\\___ \\ / _ \\| \'__| __|\n                 | (_| |  __/ |_) |  __/ | | | (_| |  __/ | | | (__| |_| |_____|__) | (_) | |  | |_\n                  \\__,_|\\___| .__/ \\___|_| |_|\\__,_|\\___|_| |_|\\___|\\__, |    |____/ \\___/|_|   \\__|\n                            |_|                                     |___/\n\n*grunt-dependency-sort* orders files in a path and replaces the minimatch path with an array of resolved file paths.\n\n## Example\n\n    concat: {\n        dist: {\n            src     : \'<%= meta.folders.js %>**/*.js\',\n            depsort : { key: \'src\', ext: \'.js\', cwd: \'<%= meta.folders.js %>\' },\n            dest    : \'<%= meta.folders.js %>page.js\'\n        }\n    }\n\n    ...\n\n    grunt.loadNpmTasks(\'grunt-dependency-sort\');\n\n    grunt.registerTask(\'default\', [\'depsort:concat:dist\',\'concat:dist\']);\n\n\n\n\nDependencies need to be defined in an _dependencies.json in base directory of current path. ( cwd: \'<%= meta.folders.js %>\' )\n\n    {\n        "almond" : [\n        ],\n\n        "jquery" : [\n        ],\n\n        "underscore" : [\n        ],\n\n        "underscore.string" : [\n            "underscore"\n        ],\n\n        "jquery.ui" : [\n            "jquery"\n        ]\n    }\n\nNot mentioned and required files are appended to the ordered list.\n',
59 silly publish   _id: 'grunt-dependency-sort@0.1.2',
59 silly publish   dist: { shasum: 'f9cbd6fef7d47118a8064137e907ab089e6641ef' } }
60 verbose url raw grunt-dependency-sort
61 verbose url resolving [ 'https://registry.npmjs.org/', './grunt-dependency-sort' ]
62 verbose url resolved https://registry.npmjs.org/grunt-dependency-sort
63 info trying registry request attempt 1 at 18:55:41
64 http PUT https://registry.npmjs.org/grunt-dependency-sort
65 http 409 https://registry.npmjs.org/grunt-dependency-sort
66 verbose url raw grunt-dependency-sort
67 verbose url resolving [ 'https://registry.npmjs.org/', './grunt-dependency-sort' ]
68 verbose url resolved https://registry.npmjs.org/grunt-dependency-sort
69 info trying registry request attempt 1 at 18:55:43
70 http GET https://registry.npmjs.org/grunt-dependency-sort
71 http 200 https://registry.npmjs.org/grunt-dependency-sort
72 error publish fail Cannot publish over existing version.
72 error publish fail Bump the 'version' field, set the --force flag, or
72 error publish fail     npm unpublish 'grunt-dependency-sort@0.1.2'
72 error publish fail and try again
73 error System Windows_NT 6.1.7601
74 error command "c:\\Program Files\\nodejs\\node.exe" "c:\\Program Files\\nodejs\\node_modules\\npm\\bin\\npm-cli.js" "publish" "."
75 error cwd c:\xampp\htdocs\github\grunt-dependency-sort
76 error node -v v0.8.16
77 error npm -v 1.1.69
78 error code EPUBLISHCONFLICT
79 verbose exit [ 1, true ]
